c:\users\asus\desktop\laba\labwork5\release\labwork5.pch
c:\users\asus\desktop\laba\labwork5\release\vc141.pdb
c:\users\asus\desktop\laba\labwork5\release\pch.obj
c:\users\asus\desktop\laba\labwork5\release\vehicle.obj
c:\users\asus\desktop\laba\labwork5\release\trolleybus.obj
c:\users\asus\desktop\laba\labwork5\release\passengervehicle.obj
c:\users\asus\desktop\laba\labwork5\release\menu.obj
c:\users\asus\desktop\laba\labwork5\release\listinterface.obj
c:\users\asus\desktop\laba\labwork5\release\listalgoritms.obj
c:\users\asus\desktop\laba\labwork5\release\list.obj
c:\users\asus\desktop\laba\labwork5\release\labwork5.obj
c:\users\asus\desktop\laba\labwork5\release\inputvalidator.obj
c:\users\asus\desktop\laba\labwork5\release\inputexception.obj
c:\users\asus\desktop\laba\labwork5\release\garbagetruck.obj
c:\users\asus\desktop\laba\labwork5\release\freightvehicle.obj
c:\users\asus\desktop\laba\labwork5\release\exception.obj
c:\users\asus\desktop\laba\labwork5\release\dumptrack.obj
c:\users\asus\desktop\laba\labwork5\release\coach.obj
c:\users\asus\desktop\laba\release\labwork5.ipdb
c:\users\asus\desktop\laba\release\labwork5.iobj
c:\users\asus\desktop\laba\release\labwork5.exe
c:\users\asus\desktop\laba\release\labwork5.pdb
c:\users\asus\desktop\laba\labwork5\release\labwork5.tlog\cl.command.1.tlog
c:\users\asus\desktop\laba\labwork5\release\labwork5.tlog\cl.read.1.tlog
c:\users\asus\desktop\laba\labwork5\release\labwork5.tlog\cl.write.1.tlog
c:\users\asus\desktop\laba\labwork5\release\labwork5.tlog\labwork5.write.1u.tlog
c:\users\asus\desktop\laba\labwork5\release\labwork5.tlog\link.command.1.tlog
c:\users\asus\desktop\laba\labwork5\release\labwork5.tlog\link.read.1.tlog
c:\users\asus\desktop\laba\labwork5\release\labwork5.tlog\link.write.1.tlog
